{"E:\\portfolio\\microverse\\module2\\Unit-test\\calculator.js": {"path":"E:\\portfolio\\microverse\\module2\\Unit-test\\calculator.js","statementMap":{"0":{"start":{"line":3,"column":4},"end":{"line":3,"column":20}},"1":{"start":{"line":7,"column":4},"end":{"line":7,"column":23}},"2":{"start":{"line":11,"column":4},"end":{"line":11,"column":23}},"3":{"start":{"line":15,"column":4},"end":{"line":15,"column":23}},"4":{"start":{"line":19,"column":4},"end":{"line":19,"column":23}},"5":{"start":{"line":23,"column":4},"end":{"line":23,"column":23}},"6":{"start":{"line":27,"column":14},"end":{"line":27,"column":30}},"7":{"start":{"line":28,"column":0},"end":{"line":28,"column":13}},"8":{"start":{"line":29,"column":0},"end":{"line":29,"column":14}},"9":{"start":{"line":30,"column":0},"end":{"line":30,"column":18}},"10":{"start":{"line":31,"column":0},"end":{"line":31,"column":25}},"11":{"start":{"line":33,"column":0},"end":{"line":33,"column":28}}},"fnMap":{"0":{"name":"(anonymous_0)","decl":{"start":{"line":2,"column":2},"end":{"line":2,"column":3}},"loc":{"start":{"line":2,"column":16},"end":{"line":4,"column":3}},"line":2},"1":{"name":"(anonymous_1)","decl":{"start":{"line":6,"column":2},"end":{"line":6,"column":3}},"loc":{"start":{"line":6,"column":14},"end":{"line":8,"column":3}},"line":6},"2":{"name":"(anonymous_2)","decl":{"start":{"line":10,"column":2},"end":{"line":10,"column":3}},"loc":{"start":{"line":10,"column":11},"end":{"line":12,"column":3}},"line":10},"3":{"name":"(anonymous_3)","decl":{"start":{"line":14,"column":2},"end":{"line":14,"column":3}},"loc":{"start":{"line":14,"column":16},"end":{"line":16,"column":3}},"line":14},"4":{"name":"(anonymous_4)","decl":{"start":{"line":18,"column":2},"end":{"line":18,"column":3}},"loc":{"start":{"line":18,"column":16},"end":{"line":20,"column":3}},"line":18},"5":{"name":"(anonymous_5)","decl":{"start":{"line":22,"column":2},"end":{"line":22,"column":3}},"loc":{"start":{"line":22,"column":14},"end":{"line":24,"column":3}},"line":22}},"branchMap":{},"s":{"0":5,"1":5,"2":8,"3":4,"4":1,"5":1,"6":1,"7":1,"8":1,"9":1,"10":1,"11":1},"f":{"0":5,"1":5,"2":8,"3":4,"4":1,"5":1},"b":{},"_coverageSchema":"1a1c01bbd47fc00a2c39e90264f33305004495a9","hash":"cd1d68eff86fefd96d5607c3e9ddf507d9279e42"}
,"E:\\portfolio\\microverse\\module2\\Unit-test\\reverseString.js": {"path":"E:\\portfolio\\microverse\\module2\\Unit-test\\reverseString.js","statementMap":{"0":{"start":{"line":1,"column":22},"end":{"line":6,"column":1}},"1":{"start":{"line":2,"column":2},"end":{"line":4,"column":3}},"2":{"start":{"line":3,"column":4},"end":{"line":3,"column":89}},"3":{"start":{"line":5,"column":2},"end":{"line":5,"column":42}},"4":{"start":{"line":8,"column":0},"end":{"line":8,"column":31}}},"fnMap":{"0":{"name":"(anonymous_0)","decl":{"start":{"line":1,"column":22},"end":{"line":1,"column":23}},"loc":{"start":{"line":1,"column":31},"end":{"line":6,"column":1}},"line":1}},"branchMap":{"0":{"loc":{"start":{"line":2,"column":2},"end":{"line":4,"column":3}},"type":"if","locations":[{"start":{"line":2,"column":2},"end":{"line":4,"column":3}},{"start":{"line":2,"column":2},"end":{"line":4,"column":3}}],"line":2},"1":{"loc":{"start":{"line":2,"column":6},"end":{"line":2,"column":39}},"type":"binary-expr","locations":[{"start":{"line":2,"column":6},"end":{"line":2,"column":20}},{"start":{"line":2,"column":24},"end":{"line":2,"column":39}}],"line":2}},"s":{"0":1,"1":4,"2":2,"3":2,"4":1},"f":{"0":4},"b":{"0":[2,2],"1":[4,3]},"_coverageSchema":"1a1c01bbd47fc00a2c39e90264f33305004495a9","hash":"9605450009094f93c34286bb6f2d24efadde3915"}
,"E:\\portfolio\\microverse\\module2\\Unit-test\\stringLength.js": {"path":"E:\\portfolio\\microverse\\module2\\Unit-test\\stringLength.js","statementMap":{"0":{"start":{"line":1,"column":21},"end":{"line":6,"column":1}},"1":{"start":{"line":2,"column":2},"end":{"line":4,"column":3}},"2":{"start":{"line":3,"column":4},"end":{"line":3,"column":89}},"3":{"start":{"line":5,"column":2},"end":{"line":5,"column":20}},"4":{"start":{"line":8,"column":0},"end":{"line":8,"column":30}}},"fnMap":{"0":{"name":"(anonymous_0)","decl":{"start":{"line":1,"column":21},"end":{"line":1,"column":22}},"loc":{"start":{"line":1,"column":30},"end":{"line":6,"column":1}},"line":1}},"branchMap":{"0":{"loc":{"start":{"line":2,"column":2},"end":{"line":4,"column":3}},"type":"if","locations":[{"start":{"line":2,"column":2},"end":{"line":4,"column":3}},{"start":{"line":2,"column":2},"end":{"line":4,"column":3}}],"line":2},"1":{"loc":{"start":{"line":2,"column":6},"end":{"line":2,"column":39}},"type":"binary-expr","locations":[{"start":{"line":2,"column":6},"end":{"line":2,"column":20}},{"start":{"line":2,"column":24},"end":{"line":2,"column":39}}],"line":2}},"s":{"0":1,"1":4,"2":2,"3":2,"4":1},"f":{"0":4},"b":{"0":[2,2],"1":[4,3]},"_coverageSchema":"1a1c01bbd47fc00a2c39e90264f33305004495a9","hash":"c7064d32b1471c4c91d9076c29a400b148c5b339"}
}
